 
****************************************
Report : area
Design : LBP
Version: T-2022.03
Date   : Sun Jun  9 15:12:37 2024
****************************************

Library(s) Used:

    slow (File: /usr/cad/Design_Kit/CBDK_IC_Contest_v2.5/SynopsysDC/db/slow.db)

Number of ports:                           50
Number of nets:                           744
Number of cells:                          651
Number of combinational cells:            503
Number of sequential cells:               148
Number of macros/black boxes:               0
Number of buf/inv:                        104
Number of references:                      60

Combinational area:               4596.559197
Buf/Inv area:                      855.489593
Noncombinational area:            4747.627666
Macro/Black Box area:                0.000000
Net Interconnect area:           90720.459534

Total cell area:                  9344.186864
Total area:                     100064.646397
1
