 
****************************************
Report : area
Design : JAM
Version: T-2022.03
Date   : Thu Nov 23 00:25:39 2023
****************************************

Library(s) Used:

    slow (File: /usr/cad/Design_Kit/CBDK_IC_Contest_v2.5/SynopsysDC/db/slow.db)

Number of ports:                           94
Number of nets:                           918
Number of cells:                          808
Number of combinational cells:            680
Number of sequential cells:                63
Number of macros/black boxes:               0
Number of buf/inv:                        136
Number of references:                      99

Combinational area:               5896.767624
Buf/Inv area:                      872.463590
Noncombinational area:            2311.858810
Macro/Black Box area:                0.000000
Net Interconnect area:           99960.499847

Total cell area:                  8208.626435
Total area:                     108169.126282
1
